<?xml version="1.0" encoding="UTF-8"?>
<!-- Generated by org.testng.reporters.JUnitXMLReporter -->
<testsuite hostname="FLNNOTFS021402" name="Windows7-FireFox" tests="1" failures="0" timestamp="19 Jan 2017 12:21:39 GMT" time="0.115" errors="0">
  <testcase name="@BeforeTest iniciarInstancia" time="0.0" classname="tools.CriarAmbienteWeb">
    <failure type="java.lang.IllegalStateException" message="The driver executable does not exist: /driver/chromedriver">
      <![CDATA[java.lang.IllegalStateException: The driver executable does not exist: /driver/chromedriver
	at com.google.common.base.Preconditions.checkState(Preconditions.java:200)
	at org.openqa.selenium.remote.service.DriverService.checkExecutable(DriverService.java:121)
	at org.openqa.selenium.remote.service.DriverService.findExecutable(DriverService.java:116)
	at org.openqa.selenium.chrome.ChromeDriverService.access$000(ChromeDriverService.java:32)
	at org.openqa.selenium.chrome.ChromeDriverService$Builder.findDefaultExecutable(ChromeDriverService.java:137)
	at org.openqa.selenium.remote.service.DriverService$Builder.build(DriverService.java:296)
	at org.openqa.selenium.chrome.ChromeDriverService.createDefaultService(ChromeDriverService.java:88)
	at org.openqa.selenium.chrome.ChromeDriver.<init>(ChromeDriver.java:120)
	at tools.WebdriverWeb.criarInstanciaWeb(WebdriverWeb.java:52)
	at tools.CriarAmbienteWeb.iniciarInstancia(CriarAmbienteWeb.java:20)
... Removed 23 stack frames]]>
    </failure>
  </testcase> <!-- @BeforeTest iniciarInstancia -->
  <testcase name="@AfterTest finalizar" time="0.0" classname="tools.CriarAmbienteWeb">
    <skipped/>
  </testcase> <!-- @AfterTest finalizar -->
  <testcase name="envioEmailRendererMax" time="0.002" classname="webFunctionalTests.FuncionalTesteEnvioEmail">
    <skipped/>
  </testcase> <!-- envioEmailRendererMax -->
</testsuite> <!-- Windows7-FireFox -->
